Arguments: 
  /usr/bin/node /usr/share/yarn/bin/yarn.js add @featherjs/feathers

PATH: 
  /home/imad0882/.serverless/bin:/home/imad0882/.cargo/bin:/usr/local/sbin:/usr/local/bin:/usr/sbin:/usr/bin:/sbin:/bin:/usr/games:/usr/local/games:/snap/bin:/usr/local/go/bin:/home/imad0882/Android/Sdk/emulators:/home/imad0882/Android/Sdk/platform-tools:/home/imad0882/Android/Sdk/tools

Yarn version: 
  1.21.1

Node version: 
  13.7.0

Platform: 
  linux x64

Trace: 
  Error: https://registry.npmjs.org/@featherjs%2ffeathers: Not found
      at Request.params.callback [as _callback] (/usr/share/yarn/lib/cli.js:66947:18)
      at Request.self.callback (/usr/share/yarn/lib/cli.js:140665:22)
      at Request.emit (events.js:321:20)
      at Request.<anonymous> (/usr/share/yarn/lib/cli.js:141637:10)
      at Request.emit (events.js:321:20)
      at IncomingMessage.<anonymous> (/usr/share/yarn/lib/cli.js:141559:12)
      at Object.onceWrapper (events.js:427:28)
      at IncomingMessage.emit (events.js:333:22)
      at endReadableNT (_stream_readable.js:1201:12)
      at processTicksAndRejections (internal/process/task_queues.js:84:21)

npm manifest: 
  {
    "name": "hit-test",
    "version": "1.0.0",
    "description": "Test endpoint, to check if serverless functions are triggered",
    "main": "index.js",
    "scripts": {
      "test": "echo \"Error: no test specified\" && exit 1"
    },
    "author": "Ishan Madhusanka",
    "license": "ISC"
  }

yarn manifest: 
  No manifest

Lockfile: 
  No lockfile
